# JRE version: Java(TM) SE Runtime Environment (8.0_202-b08) (build 1.8.0_202-b08)
# Java VM: Java HotSpot(TM) 64-Bit Server VM (25.202-b08 mixed mode windows-amd64 compressed oops)
Heap:
 PSYoungGen      total 164352K, used 67953K [0x00000000d5d00000, 0x00000000e3780000, 0x0000000100000000)
  eden space 154112K, 44% used [0x00000000d5d00000,0x00000000d9f5c610,0x00000000df380000)
  from space 10240K, 0% used [0x00000000dfd80000,0x00000000dfd80000,0x00000000e0780000)
  to   space 10240K, 0% used [0x00000000df380000,0x00000000df380000,0x00000000dfd80000)
 ParOldGen       total 90112K, used 12312K [0x0000000081600000, 0x0000000086e00000, 0x00000000d5d00000)
  object space 90112K, 13% used [0x0000000081600000,0x0000000082206058,0x0000000086e00000)
 Metaspace       used 41423K, capacity 43708K, committed 43992K, reserved 1087488K
  class space    used 5460K, capacity 5881K, committed 5888K, reserved 1048576K
GC Heap History (10 events):
Event: 2.279 GC heap before
{Heap before GC invocations=6 (full 1):
 PSYoungGen      total 71680K, used 5088K [0x00000000d5d00000, 0x00000000df000000, 0x0000000100000000)
  eden space 66560K, 0% used [0x00000000d5d00000,0x00000000d5d00000,0x00000000d9e00000)
  from space 5120K, 99% used [0x00000000d9e00000,0x00000000da2f8258,0x00000000da300000)
  to   space 8704K, 0% used [0x00000000de780000,0x00000000de780000,0x00000000df000000)
 ParOldGen       total 87552K, used 5785K [0x0000000081600000, 0x0000000086b80000, 0x00000000d5d00000)
  object space 87552K, 6% used [0x0000000081600000,0x0000000081ba6440,0x0000000086b80000)
 Metaspace       used 20272K, capacity 21122K, committed 21248K, reserved 1067008K
  class space    used 2533K, capacity 2747K, committed 2816K, reserved 1048576K
Event: 2.313 GC heap after
Heap after GC invocations=6 (full 1):
 PSYoungGen      total 71680K, used 0K [0x00000000d5d00000, 0x00000000df000000, 0x0000000100000000)
  eden space 66560K, 0% used [0x00000000d5d00000,0x00000000d5d00000,0x00000000d9e00000)
  from space 5120K, 0% used [0x00000000d9e00000,0x00000000d9e00000,0x00000000da300000)
  to   space 8704K, 0% used [0x00000000de780000,0x00000000de780000,0x00000000df000000)
 ParOldGen       total 57344K, used 6396K [0x0000000081600000, 0x0000000084e00000, 0x00000000d5d00000)
  object space 57344K, 11% used [0x0000000081600000,0x0000000081c3f148,0x0000000084e00000)
 Metaspace       used 20272K, capacity 21122K, committed 21248K, reserved 1067008K
  class space    used 2533K, capacity 2747K, committed 2816K, reserved 1048576K
}
Event: 3.602 GC heap before
{Heap before GC invocations=7 (full 1):
 PSYoungGen      total 71680K, used 66560K [0x00000000d5d00000, 0x00000000df000000, 0x0000000100000000)
  eden space 66560K, 100% used [0x00000000d5d00000,0x00000000d9e00000,0x00000000d9e00000)
  from space 5120K, 0% used [0x00000000d9e00000,0x00000000d9e00000,0x00000000da300000)
  to   space 8704K, 0% used [0x00000000de780000,0x00000000de780000,0x00000000df000000)
 ParOldGen       total 57344K, used 6396K [0x0000000081600000, 0x0000000084e00000, 0x00000000d5d00000)
  object space 57344K, 11% used [0x0000000081600000,0x0000000081c3f148,0x0000000084e00000)
 Metaspace       used 24606K, capacity 25882K, committed 25984K, reserved 1071104K
  class space    used 3120K, capacity 3365K, committed 3456K, reserved 1048576K
Event: 3.617 GC heap after
Heap after GC invocations=7 (full 1):
 PSYoungGen      total 110080K, used 6966K [0x00000000d5d00000, 0x00000000dee80000, 0x0000000100000000)
  eden space 102912K, 0% used [0x00000000d5d00000,0x00000000d5d00000,0x00000000dc180000)
  from space 7168K, 97% used [0x00000000de780000,0x00000000dee4d968,0x00000000dee80000)
  to   space 8704K, 0% used [0x00000000ddd80000,0x00000000ddd80000,0x00000000de600000)
 ParOldGen       total 57344K, used 6404K [0x0000000081600000, 0x0000000084e00000, 0x00000000d5d00000)
  object space 57344K, 11% used [0x0000000081600000,0x0000000081c41148,0x0000000084e00000)
 Metaspace       used 24606K, capacity 25882K, committed 25984K, reserved 1071104K
  class space    used 3120K, capacity 3365K, committed 3456K, reserved 1048576K
}
Event: 5.782 GC heap before
{Heap before GC invocations=8 (full 1):
 PSYoungGen      total 110080K, used 109878K [0x00000000d5d00000, 0x00000000dee80000, 0x0000000100000000)
  eden space 102912K, 100% used [0x00000000d5d00000,0x00000000dc180000,0x00000000dc180000)
  from space 7168K, 97% used [0x00000000de780000,0x00000000dee4d968,0x00000000dee80000)
  to   space 8704K, 0% used [0x00000000ddd80000,0x00000000ddd80000,0x00000000de600000)
 ParOldGen       total 57344K, used 6404K [0x0000000081600000, 0x0000000084e00000, 0x00000000d5d00000)
  object space 57344K, 11% used [0x0000000081600000,0x0000000081c41148,0x0000000084e00000)
 Metaspace       used 31192K, capacity 33238K, committed 33408K, reserved 1079296K
  class space    used 4016K, capacity 4381K, committed 4480K, reserved 1048576K
Event: 5.792 GC heap after
Heap after GC invocations=8 (full 1):
 PSYoungGen      total 140288K, used 8695K [0x00000000d5d00000, 0x00000000e0780000, 0x0000000100000000)
  eden space 131584K, 0% used [0x00000000d5d00000,0x00000000d5d00000,0x00000000ddd80000)
  from space 8704K, 99% used [0x00000000ddd80000,0x00000000de5fde98,0x00000000de600000)
  to   space 10240K, 0% used [0x00000000dfd80000,0x00000000dfd80000,0x00000000e0780000)
 ParOldGen       total 57344K, used 7410K [0x0000000081600000, 0x0000000084e00000, 0x00000000d5d00000)
  object space 57344K, 12% used [0x0000000081600000,0x0000000081d3c9e0,0x0000000084e00000)
 Metaspace       used 31192K, capacity 33238K, committed 33408K, reserved 1079296K
  class space    used 4016K, capacity 4381K, committed 4480K, reserved 1048576K
}
Event: 6.348 GC heap before
{Heap before GC invocations=9 (full 1):
 PSYoungGen      total 140288K, used 30376K [0x00000000d5d00000, 0x00000000e0780000, 0x0000000100000000)
  eden space 131584K, 16% used [0x00000000d5d00000,0x00000000d722c438,0x00000000ddd80000)
  from space 8704K, 99% used [0x00000000ddd80000,0x00000000de5fde98,0x00000000de600000)
  to   space 10240K, 0% used [0x00000000dfd80000,0x00000000dfd80000,0x00000000e0780000)
 ParOldGen       total 57344K, used 7410K [0x0000000081600000, 0x0000000084e00000, 0x00000000d5d00000)
  object space 57344K, 12% used [0x0000000081600000,0x0000000081d3c9e0,0x0000000084e00000)
 Metaspace       used 33274K, capacity 35322K, committed 35416K, reserved 1079296K
  class space    used 4295K, capacity 4659K, committed 4736K, reserved 1048576K
Event: 6.364 GC heap after
Heap after GC invocations=9 (full 1):
 PSYoungGen      total 164352K, used 7840K [0x00000000d5d00000, 0x00000000e3780000, 0x0000000100000000)
  eden space 154112K, 0% used [0x00000000d5d00000,0x00000000d5d00000,0x00000000df380000)
  from space 10240K, 76% used [0x00000000dfd80000,0x00000000e05282e0,0x00000000e0780000)
  to   space 10240K, 0% used [0x00000000df380000,0x00000000df380000,0x00000000dfd80000)
 ParOldGen       total 57344K, used 7418K [0x0000000081600000, 0x0000000084e00000, 0x00000000d5d00000)
  object space 57344K, 12% used [0x0000000081600000,0x0000000081d3e9e0,0x0000000084e00000)
 Metaspace       used 33274K, capacity 35322K, committed 35416K, reserved 1079296K
  class space    used 4295K, capacity 4659K, committed 4736K, reserved 1048576K
}
Event: 6.364 GC heap before
{Heap before GC invocations=10 (full 2):
 PSYoungGen      total 164352K, used 7840K [0x00000000d5d00000, 0x00000000e3780000, 0x0000000100000000)
  eden space 154112K, 0% used [0x00000000d5d00000,0x00000000d5d00000,0x00000000df380000)
  from space 10240K, 76% used [0x00000000dfd80000,0x00000000e05282e0,0x00000000e0780000)
  to   space 10240K, 0% used [0x00000000df380000,0x00000000df380000,0x00000000dfd80000)
 ParOldGen       total 57344K, used 7418K [0x0000000081600000, 0x0000000084e00000, 0x00000000d5d00000)
  object space 57344K, 12% used [0x0000000081600000,0x0000000081d3e9e0,0x0000000084e00000)
 Metaspace       used 33274K, capacity 35322K, committed 35416K, reserved 1079296K
  class space    used 4295K, capacity 4659K, committed 4736K, reserved 1048576K
Event: 6.482 GC heap after
Heap after GC invocations=10 (full 2):
 PSYoungGen      total 164352K, used 0K [0x00000000d5d00000, 0x00000000e3780000, 0x0000000100000000)
  eden space 154112K, 0% used [0x00000000d5d00000,0x00000000d5d00000,0x00000000df380000)
  from space 10240K, 0% used [0x00000000dfd80000,0x00000000dfd80000,0x00000000e0780000)
  to   space 10240K, 0% used [0x00000000df380000,0x00000000df380000,0x00000000dfd80000)
 ParOldGen       total 90112K, used 12312K [0x0000000081600000, 0x0000000086e00000, 0x00000000d5d00000)
  object space 90112K, 13% used [0x0000000081600000,0x0000000082206058,0x0000000086e00000)
 Metaspace       used 33274K, capacity 35322K, committed 35416K, reserved 1079296K
  class space    used 4295K, capacity 4659K, committed 4736K, reserved 1048576K
}

