# JRE version: Java(TM) SE Runtime Environment (8.0_202-b08) (build 1.8.0_202-b08)
# Java VM: Java HotSpot(TM) 64-Bit Server VM (25.202-b08 mixed mode windows-amd64 compressed oops)
Heap:
 PSYoungGen      total 38400K, used 34975K [0x00000000d5d00000, 0x00000000d8780000, 0x0000000100000000)
  eden space 33280K, 94% used [0x00000000d5d00000,0x00000000d7bcaac0,0x00000000d7d80000)
  from space 5120K, 67% used [0x00000000d7d80000,0x00000000d80dd3a8,0x00000000d8280000)
  to   space 5120K, 0% used [0x00000000d8280000,0x00000000d8280000,0x00000000d8780000)
 ParOldGen       total 51712K, used 6130K [0x0000000081600000, 0x0000000084880000, 0x00000000d5d00000)
  object space 51712K, 11% used [0x0000000081600000,0x0000000081bfc990,0x0000000084880000)
 Metaspace       used 24522K, capacity 25814K, committed 25984K, reserved 1071104K
  class space    used 3102K, capacity 3363K, committed 3456K, reserved 1048576K
GC Heap History (10 events):
Event: 1.784 GC heap before
{Heap before GC invocations=4 (full 0):
 PSYoungGen      total 38400K, used 38398K [0x00000000d5d00000, 0x00000000d8780000, 0x0000000100000000)
  eden space 33280K, 100% used [0x00000000d5d00000,0x00000000d7d80000,0x00000000d7d80000)
  from space 5120K, 99% used [0x00000000d7d80000,0x00000000d827f820,0x00000000d8280000)
  to   space 5120K, 0% used [0x00000000d8280000,0x00000000d8280000,0x00000000d8780000)
 ParOldGen       total 87552K, used 2942K [0x0000000081600000, 0x0000000086b80000, 0x00000000d5d00000)
  object space 87552K, 3% used [0x0000000081600000,0x00000000818df990,0x0000000086b80000)
 Metaspace       used 19336K, capacity 20164K, committed 20352K, reserved 1067008K
  class space    used 2417K, capacity 2588K, committed 2688K, reserved 1048576K
Event: 1.789 GC heap after
Heap after GC invocations=4 (full 0):
 PSYoungGen      total 38400K, used 5107K [0x00000000d5d00000, 0x00000000d8780000, 0x0000000100000000)
  eden space 33280K, 0% used [0x00000000d5d00000,0x00000000d5d00000,0x00000000d7d80000)
  from space 5120K, 99% used [0x00000000d8280000,0x00000000d877cd88,0x00000000d8780000)
  to   space 5120K, 0% used [0x00000000d7d80000,0x00000000d7d80000,0x00000000d8280000)
 ParOldGen       total 87552K, used 4527K [0x0000000081600000, 0x0000000086b80000, 0x00000000d5d00000)
  object space 87552K, 5% used [0x0000000081600000,0x0000000081a6bca0,0x0000000086b80000)
 Metaspace       used 19336K, capacity 20164K, committed 20352K, reserved 1067008K
  class space    used 2417K, capacity 2588K, committed 2688K, reserved 1048576K
}
Event: 1.828 GC heap before
{Heap before GC invocations=5 (full 0):
 PSYoungGen      total 38400K, used 38387K [0x00000000d5d00000, 0x00000000d8780000, 0x0000000100000000)
  eden space 33280K, 100% used [0x00000000d5d00000,0x00000000d7d80000,0x00000000d7d80000)
  from space 5120K, 99% used [0x00000000d8280000,0x00000000d877cd88,0x00000000d8780000)
  to   space 5120K, 0% used [0x00000000d7d80000,0x00000000d7d80000,0x00000000d8280000)
 ParOldGen       total 87552K, used 4527K [0x0000000081600000, 0x0000000086b80000, 0x00000000d5d00000)
  object space 87552K, 5% used [0x0000000081600000,0x0000000081a6bca0,0x0000000086b80000)
 Metaspace       used 19749K, capacity 20580K, committed 20864K, reserved 1067008K
  class space    used 2453K, capacity 2620K, committed 2688K, reserved 1048576K
Event: 1.832 GC heap after
Heap after GC invocations=5 (full 0):
 PSYoungGen      total 38400K, used 5092K [0x00000000d5d00000, 0x00000000d8780000, 0x0000000100000000)
  eden space 33280K, 0% used [0x00000000d5d00000,0x00000000d5d00000,0x00000000d7d80000)
  from space 5120K, 99% used [0x00000000d7d80000,0x00000000d82791f8,0x00000000d8280000)
  to   space 5120K, 0% used [0x00000000d8280000,0x00000000d8280000,0x00000000d8780000)
 ParOldGen       total 87552K, used 4581K [0x0000000081600000, 0x0000000086b80000, 0x00000000d5d00000)
  object space 87552K, 5% used [0x0000000081600000,0x0000000081a79508,0x0000000086b80000)
 Metaspace       used 19749K, capacity 20580K, committed 20864K, reserved 1067008K
  class space    used 2453K, capacity 2620K, committed 2688K, reserved 1048576K
}
Event: 1.978 GC heap before
{Heap before GC invocations=6 (full 0):
 PSYoungGen      total 38400K, used 17724K [0x00000000d5d00000, 0x00000000d8780000, 0x0000000100000000)
  eden space 33280K, 37% used [0x00000000d5d00000,0x00000000d6956140,0x00000000d7d80000)
  from space 5120K, 99% used [0x00000000d7d80000,0x00000000d82791f8,0x00000000d8280000)
  to   space 5120K, 0% used [0x00000000d8280000,0x00000000d8280000,0x00000000d8780000)
 ParOldGen       total 87552K, used 4581K [0x0000000081600000, 0x0000000086b80000, 0x00000000d5d00000)
  object space 87552K, 5% used [0x0000000081600000,0x0000000081a79508,0x0000000086b80000)
 Metaspace       used 20258K, capacity 21124K, committed 21248K, reserved 1067008K
  class space    used 2524K, capacity 2748K, committed 2816K, reserved 1048576K
Event: 1.984 GC heap after
Heap after GC invocations=6 (full 0):
 PSYoungGen      total 38400K, used 5104K [0x00000000d5d00000, 0x00000000d8780000, 0x0000000100000000)
  eden space 33280K, 0% used [0x00000000d5d00000,0x00000000d5d00000,0x00000000d7d80000)
  from space 5120K, 99% used [0x00000000d8280000,0x00000000d877c268,0x00000000d8780000)
  to   space 5120K, 0% used [0x00000000d7d80000,0x00000000d7d80000,0x00000000d8280000)
 ParOldGen       total 87552K, used 5673K [0x0000000081600000, 0x0000000086b80000, 0x00000000d5d00000)
  object space 87552K, 6% used [0x0000000081600000,0x0000000081b8a5b8,0x0000000086b80000)
 Metaspace       used 20258K, capacity 21124K, committed 21248K, reserved 1067008K
  class space    used 2524K, capacity 2748K, committed 2816K, reserved 1048576K
}
Event: 1.984 GC heap before
{Heap before GC invocations=7 (full 1):
 PSYoungGen      total 38400K, used 5104K [0x00000000d5d00000, 0x00000000d8780000, 0x0000000100000000)
  eden space 33280K, 0% used [0x00000000d5d00000,0x00000000d5d00000,0x00000000d7d80000)
  from space 5120K, 99% used [0x00000000d8280000,0x00000000d877c268,0x00000000d8780000)
  to   space 5120K, 0% used [0x00000000d7d80000,0x00000000d7d80000,0x00000000d8280000)
 ParOldGen       total 87552K, used 5673K [0x0000000081600000, 0x0000000086b80000, 0x00000000d5d00000)
  object space 87552K, 6% used [0x0000000081600000,0x0000000081b8a5b8,0x0000000086b80000)
 Metaspace       used 20258K, capacity 21124K, committed 21248K, reserved 1067008K
  class space    used 2524K, capacity 2748K, committed 2816K, reserved 1048576K
Event: 2.010 GC heap after
Heap after GC invocations=7 (full 1):
 PSYoungGen      total 38400K, used 0K [0x00000000d5d00000, 0x00000000d8780000, 0x0000000100000000)
  eden space 33280K, 0% used [0x00000000d5d00000,0x00000000d5d00000,0x00000000d7d80000)
  from space 5120K, 0% used [0x00000000d8280000,0x00000000d8280000,0x00000000d8780000)
  to   space 5120K, 0% used [0x00000000d7d80000,0x00000000d7d80000,0x00000000d8280000)
 ParOldGen       total 51712K, used 6122K [0x0000000081600000, 0x0000000084880000, 0x00000000d5d00000)
  object space 51712K, 11% used [0x0000000081600000,0x0000000081bfa990,0x0000000084880000)
 Metaspace       used 20258K, capacity 21124K, committed 21248K, reserved 1067008K
  class space    used 2524K, capacity 2748K, committed 2816K, reserved 1048576K
}
Event: 2.483 GC heap before
{Heap before GC invocations=8 (full 1):
 PSYoungGen      total 38400K, used 33280K [0x00000000d5d00000, 0x00000000d8780000, 0x0000000100000000)
  eden space 33280K, 100% used [0x00000000d5d00000,0x00000000d7d80000,0x00000000d7d80000)
  from space 5120K, 0% used [0x00000000d8280000,0x00000000d8280000,0x00000000d8780000)
  to   space 5120K, 0% used [0x00000000d7d80000,0x00000000d7d80000,0x00000000d8280000)
 ParOldGen       total 51712K, used 6122K [0x0000000081600000, 0x0000000084880000, 0x00000000d5d00000)
  object space 51712K, 11% used [0x0000000081600000,0x0000000081bfa990,0x0000000084880000)
 Metaspace       used 22028K, capacity 23102K, committed 23296K, reserved 1069056K
  class space    used 2759K, capacity 3001K, committed 3072K, reserved 1048576K
Event: 2.485 GC heap after
Heap after GC invocations=8 (full 1):
 PSYoungGen      total 38400K, used 3444K [0x00000000d5d00000, 0x00000000d8780000, 0x0000000100000000)
  eden space 33280K, 0% used [0x00000000d5d00000,0x00000000d5d00000,0x00000000d7d80000)
  from space 5120K, 67% used [0x00000000d7d80000,0x00000000d80dd3a8,0x00000000d8280000)
  to   space 5120K, 0% used [0x00000000d8280000,0x00000000d8280000,0x00000000d8780000)
 ParOldGen       total 51712K, used 6130K [0x0000000081600000, 0x0000000084880000, 0x00000000d5d00000)
  object space 51712K, 11% used [0x0000000081600000,0x0000000081bfc990,0x0000000084880000)
 Metaspace       used 22028K, capacity 23102K, committed 23296K, reserved 1069056K
  class space    used 2759K, capacity 3001K, committed 3072K, reserved 1048576K
}

