# JRE version: Java(TM) SE Runtime Environment (8.0_202-b08) (build 1.8.0_202-b08)
# Java VM: Java HotSpot(TM) 64-Bit Server VM (25.202-b08 mixed mode windows-amd64 compressed oops)
Heap:
 PSYoungGen      total 179712K, used 131998K [0x00000000d5d00000, 0x00000000e4080000, 0x0000000100000000)
  eden space 169472K, 77% used [0x00000000d5d00000,0x00000000ddde7bc0,0x00000000e0280000)
  from space 10240K, 0% used [0x00000000e0c80000,0x00000000e0c80000,0x00000000e1680000)
  to   space 10240K, 0% used [0x00000000e0280000,0x00000000e0280000,0x00000000e0c80000)
 ParOldGen       total 80896K, used 12069K [0x0000000081600000, 0x0000000086500000, 0x00000000d5d00000)
  object space 80896K, 14% used [0x0000000081600000,0x00000000821c9718,0x0000000086500000)
 Metaspace       used 47834K, capacity 50338K, committed 50520K, reserved 1093632K
  class space    used 6448K, capacity 6896K, committed 7000K, reserved 1048576K
GC Heap History (10 events):
Event: 1.936 GC heap before
{Heap before GC invocations=6 (full 1):
 PSYoungGen      total 71680K, used 5088K [0x00000000d5d00000, 0x00000000df000000, 0x0000000100000000)
  eden space 66560K, 0% used [0x00000000d5d00000,0x00000000d5d00000,0x00000000d9e00000)
  from space 5120K, 99% used [0x00000000d9e00000,0x00000000da2f8258,0x00000000da300000)
  to   space 8704K, 0% used [0x00000000de780000,0x00000000de780000,0x00000000df000000)
 ParOldGen       total 87552K, used 5819K [0x0000000081600000, 0x0000000086b80000, 0x00000000d5d00000)
  object space 87552K, 6% used [0x0000000081600000,0x0000000081baec30,0x0000000086b80000)
 Metaspace       used 20246K, capacity 21128K, committed 21248K, reserved 1067008K
  class space    used 2528K, capacity 2748K, committed 2816K, reserved 1048576K
Event: 1.966 GC heap after
Heap after GC invocations=6 (full 1):
 PSYoungGen      total 71680K, used 0K [0x00000000d5d00000, 0x00000000df000000, 0x0000000100000000)
  eden space 66560K, 0% used [0x00000000d5d00000,0x00000000d5d00000,0x00000000d9e00000)
  from space 5120K, 0% used [0x00000000d9e00000,0x00000000d9e00000,0x00000000da300000)
  to   space 8704K, 0% used [0x00000000de780000,0x00000000de780000,0x00000000df000000)
 ParOldGen       total 54784K, used 6435K [0x0000000081600000, 0x0000000084b80000, 0x00000000d5d00000)
  object space 54784K, 11% used [0x0000000081600000,0x0000000081c48e50,0x0000000084b80000)
 Metaspace       used 20246K, capacity 21128K, committed 21248K, reserved 1067008K
  class space    used 2528K, capacity 2748K, committed 2816K, reserved 1048576K
}
Event: 2.714 GC heap before
{Heap before GC invocations=7 (full 1):
 PSYoungGen      total 71680K, used 66560K [0x00000000d5d00000, 0x00000000df000000, 0x0000000100000000)
  eden space 66560K, 100% used [0x00000000d5d00000,0x00000000d9e00000,0x00000000d9e00000)
  from space 5120K, 0% used [0x00000000d9e00000,0x00000000d9e00000,0x00000000da300000)
  to   space 8704K, 0% used [0x00000000de780000,0x00000000de780000,0x00000000df000000)
 ParOldGen       total 54784K, used 6435K [0x0000000081600000, 0x0000000084b80000, 0x00000000d5d00000)
  object space 54784K, 11% used [0x0000000081600000,0x0000000081c48e50,0x0000000084b80000)
 Metaspace       used 24613K, capacity 25856K, committed 25984K, reserved 1071104K
  class space    used 3126K, capacity 3372K, committed 3456K, reserved 1048576K
Event: 2.726 GC heap after
Heap after GC invocations=7 (full 1):
 PSYoungGen      total 115200K, used 7065K [0x00000000d5d00000, 0x00000000dee80000, 0x0000000100000000)
  eden space 108032K, 0% used [0x00000000d5d00000,0x00000000d5d00000,0x00000000dc680000)
  from space 7168K, 98% used [0x00000000de780000,0x00000000dee66588,0x00000000dee80000)
  to   space 8704K, 0% used [0x00000000ddd80000,0x00000000ddd80000,0x00000000de600000)
 ParOldGen       total 54784K, used 6443K [0x0000000081600000, 0x0000000084b80000, 0x00000000d5d00000)
  object space 54784K, 11% used [0x0000000081600000,0x0000000081c4ae50,0x0000000084b80000)
 Metaspace       used 24613K, capacity 25856K, committed 25984K, reserved 1071104K
  class space    used 3126K, capacity 3372K, committed 3456K, reserved 1048576K
}
Event: 4.720 GC heap before
{Heap before GC invocations=8 (full 1):
 PSYoungGen      total 115200K, used 115097K [0x00000000d5d00000, 0x00000000dee80000, 0x0000000100000000)
  eden space 108032K, 100% used [0x00000000d5d00000,0x00000000dc680000,0x00000000dc680000)
  from space 7168K, 98% used [0x00000000de780000,0x00000000dee66588,0x00000000dee80000)
  to   space 8704K, 0% used [0x00000000ddd80000,0x00000000ddd80000,0x00000000de600000)
 ParOldGen       total 54784K, used 6443K [0x0000000081600000, 0x0000000084b80000, 0x00000000d5d00000)
  object space 54784K, 11% used [0x0000000081600000,0x0000000081c4ae50,0x0000000084b80000)
 Metaspace       used 31341K, capacity 33430K, committed 33664K, reserved 1079296K
  class space    used 4047K, capacity 4419K, committed 4480K, reserved 1048576K
Event: 4.732 GC heap after
Heap after GC invocations=8 (full 1):
 PSYoungGen      total 140288K, used 8700K [0x00000000d5d00000, 0x00000000e1680000, 0x0000000100000000)
  eden space 131584K, 0% used [0x00000000d5d00000,0x00000000d5d00000,0x00000000ddd80000)
  from space 8704K, 99% used [0x00000000ddd80000,0x00000000de5ff0d8,0x00000000de600000)
  to   space 10240K, 0% used [0x00000000e0c80000,0x00000000e0c80000,0x00000000e1680000)
 ParOldGen       total 54784K, used 7808K [0x0000000081600000, 0x0000000084b80000, 0x00000000d5d00000)
  object space 54784K, 14% used [0x0000000081600000,0x0000000081da0210,0x0000000084b80000)
 Metaspace       used 31341K, capacity 33430K, committed 33664K, reserved 1079296K
  class space    used 4047K, capacity 4419K, committed 4480K, reserved 1048576K
}
Event: 4.966 GC heap before
{Heap before GC invocations=9 (full 1):
 PSYoungGen      total 140288K, used 23187K [0x00000000d5d00000, 0x00000000e1680000, 0x0000000100000000)
  eden space 131584K, 11% used [0x00000000d5d00000,0x00000000d6b25dc0,0x00000000ddd80000)
  from space 8704K, 99% used [0x00000000ddd80000,0x00000000de5ff0d8,0x00000000de600000)
  to   space 10240K, 0% used [0x00000000e0c80000,0x00000000e0c80000,0x00000000e1680000)
 ParOldGen       total 54784K, used 7808K [0x0000000081600000, 0x0000000084b80000, 0x00000000d5d00000)
  object space 54784K, 14% used [0x0000000081600000,0x0000000081da0210,0x0000000084b80000)
 Metaspace       used 33196K, capacity 35324K, committed 35416K, reserved 1079296K
  class space    used 4278K, capacity 4658K, committed 4696K, reserved 1048576K
Event: 4.976 GC heap after
Heap after GC invocations=9 (full 1):
 PSYoungGen      total 179712K, used 7645K [0x00000000d5d00000, 0x00000000e4080000, 0x0000000100000000)
  eden space 169472K, 0% used [0x00000000d5d00000,0x00000000d5d00000,0x00000000e0280000)
  from space 10240K, 74% used [0x00000000e0c80000,0x00000000e13f7558,0x00000000e1680000)
  to   space 10240K, 0% used [0x00000000e0280000,0x00000000e0280000,0x00000000e0c80000)
 ParOldGen       total 54784K, used 7816K [0x0000000081600000, 0x0000000084b80000, 0x00000000d5d00000)
  object space 54784K, 14% used [0x0000000081600000,0x0000000081da2210,0x0000000084b80000)
 Metaspace       used 33196K, capacity 35324K, committed 35416K, reserved 1079296K
  class space    used 4278K, capacity 4658K, committed 4696K, reserved 1048576K
}
Event: 4.976 GC heap before
{Heap before GC invocations=10 (full 2):
 PSYoungGen      total 179712K, used 7645K [0x00000000d5d00000, 0x00000000e4080000, 0x0000000100000000)
  eden space 169472K, 0% used [0x00000000d5d00000,0x00000000d5d00000,0x00000000e0280000)
  from space 10240K, 74% used [0x00000000e0c80000,0x00000000e13f7558,0x00000000e1680000)
  to   space 10240K, 0% used [0x00000000e0280000,0x00000000e0280000,0x00000000e0c80000)
 ParOldGen       total 54784K, used 7816K [0x0000000081600000, 0x0000000084b80000, 0x00000000d5d00000)
  object space 54784K, 14% used [0x0000000081600000,0x0000000081da2210,0x0000000084b80000)
 Metaspace       used 33196K, capacity 35324K, committed 35416K, reserved 1079296K
  class space    used 4278K, capacity 4658K, committed 4696K, reserved 1048576K
Event: 5.044 GC heap after
Heap after GC invocations=10 (full 2):
 PSYoungGen      total 179712K, used 0K [0x00000000d5d00000, 0x00000000e4080000, 0x0000000100000000)
  eden space 169472K, 0% used [0x00000000d5d00000,0x00000000d5d00000,0x00000000e0280000)
  from space 10240K, 0% used [0x00000000e0c80000,0x00000000e0c80000,0x00000000e1680000)
  to   space 10240K, 0% used [0x00000000e0280000,0x00000000e0280000,0x00000000e0c80000)
 ParOldGen       total 80896K, used 12069K [0x0000000081600000, 0x0000000086500000, 0x00000000d5d00000)
  object space 80896K, 14% used [0x0000000081600000,0x00000000821c9718,0x0000000086500000)
 Metaspace       used 33196K, capacity 35324K, committed 35416K, reserved 1079296K
  class space    used 4278K, capacity 4658K, committed 4696K, reserved 1048576K
}

